<?xml version="1.0" encoding="UTF-8"?>
<!-- Generated by org.testng.reporters.JUnitXMLReporter -->
<testsuite hostname="DESKTOP-152FRH1" ignored="3" name="Default test(failed)" tests="1" failures="1" timestamp="2022-04-10T22:57:53 IST" time="0.159" errors="0">
  <testcase name="method3" time="0.039" classname="com.souceDemo.TestClasses1.Practice_TestNG">
    <failure type="java.lang.Error" message="Unresolved compilation problem: 
	ogut cannot be resolved or is not a field
">
      <![CDATA[java.lang.Error: Unresolved compilation problem: 
ogut cannot be resolved or is not a field

at com.souceDemo.TestClasses1.Practice_TestNG.method3(Practice_TestNG.java:23)
at java.util.ArrayList.forEach(Unknown Source)
... Removed 27 stack frames]]>
    </failure>
  </testcase> <!-- method3 -->
  <testcase name="method4" time="0.0" classname="com.souceDemo.TestClasses1.Practice_TestNG">
    <ignored/>
  </testcase> <!-- method4 -->
  <testcase name="method1" time="0.0" classname="com.souceDemo.TestClasses1.Practice_TestNG">
    <ignored/>
  </testcase> <!-- method1 -->
  <testcase name="method2" time="0.0" classname="com.souceDemo.TestClasses1.Practice_TestNG">
    <ignored/>
  </testcase> <!-- method2 -->
</testsuite> <!-- Default test(failed) -->
