<?xml version="1.0" encoding="UTF-8"?>
<!-- Generated by org.testng.reporters.JUnitXMLReporter -->
<testsuite hostname="DESKTOP-152FRH1" ignored="0" name="Test" tests="2" failures="0" timestamp="2022-04-09T00:06:46 IST" time="14.472" errors="0">
  <testcase name="VarifyLoginFunctionality" time="0.041" classname="com.souceDemo.TestClasses1.TC01_LoginFunctionality"/>
  <testcase name="VarifyLogoutFunctionality" time="0.533" classname="com.souceDemo.TestClasses1.TC01_LogoutFunctionality"/>
</testsuite> <!-- Test -->
