<?xml version="1.0" encoding="UTF-8"?>
<!-- Generated by org.testng.reporters.JUnitXMLReporter -->
<testsuite hostname="DESKTOP-152FRH1" ignored="3" name="Default test(failed)(failed)" tests="1" failures="0" timestamp="2022-04-10T22:58:27 IST" time="0.119" errors="0">
  <testcase name="method3" time="0.024" classname="com.souceDemo.TestClasses1.Practice_TestNG"/>
  <testcase name="method4" time="0.0" classname="com.souceDemo.TestClasses1.Practice_TestNG">
    <ignored/>
  </testcase> <!-- method4 -->
  <testcase name="method1" time="0.0" classname="com.souceDemo.TestClasses1.Practice_TestNG">
    <ignored/>
  </testcase> <!-- method1 -->
  <testcase name="method2" time="0.0" classname="com.souceDemo.TestClasses1.Practice_TestNG">
    <ignored/>
  </testcase> <!-- method2 -->
</testsuite> <!-- Default test(failed)(failed) -->
